The system is: Windows - 10.0.19042 - AMD64
Compiling the C compiler identification source file "CMakeCCompilerId.c" succeeded.
Compiler:  
Build flags: 
Id flags:  

The output was:
0
Microsoft (R) Build Engine version 15.9.21+g9802d43bc3 for .NET Framework
Copyright (C) Microsoft Corporation. All rights reserved.

Build started 11/23/2021 3:49:40 AM.
Project "C:\Users\rramos\Documents\craftdemoServer\build\CMakeFiles\3.22.0\CompilerIdC\CompilerIdC.vcxproj" on node 1 (default targets).
PrepareForBuild:
  Creating directory "Debug\".
  Creating directory "Debug\CompilerIdC.tlog\".
InitializeBuildStatus:
  Creating "Debug\CompilerIdC.tlog\unsuccessfulbuild" because "AlwaysCreate" was specified.
VcpkgTripletSelection:
  Using triplet "x64-windows" from "C:\Users\rramos\Workspace\Assessment\vcpkg\installed\\x64-windows\"
ClCompile:
  C:\Program Files (x86)\Microsoft Visual Studio\2017\Community\VC\Tools\MSVC\14.16.27023\bin\HostX86\x64\CL.exe /c /I"C:\Users\rramos\Workspace\Assessment\vcpkg\installed\\x64-windows\include" /nologo /W0 /WX- /diagnostics:classic /Od /D _MBCS /Gm- /EHsc /RTC1 /MDd /GS /fp:precise /Zc:wchar_t /Zc:forScope /Zc:inline /Fo"Debug\\" /Fd"Debug\vc141.pdb" /Gd /TC /FC /errorReport:queue CMakeCCompilerId.c
  CMakeCCompilerId.c
Link:
  C:\Program Files (x86)\Microsoft Visual Studio\2017\Community\VC\Tools\MSVC\14.16.27023\bin\HostX86\x64\link.exe /ERRORREPORT:QUEUE /OUT:".\CompilerIdC.exe" /INCREMENTAL:NO /NOLOGO /LIBPATH:"C:\Users\rramos\Workspace\Assessment\vcpkg\installed\\x64-windows\debug\lib" /LIBPATH:"C:\Users\rramos\Workspace\Assessment\vcpkg\installed\\x64-windows\debug\lib\manual-link" kernel32.lib user32.lib gdi32.lib winspool.lib comdlg32.lib advapi32.lib shell32.lib ole32.lib oleaut32.lib uuid.lib odbc32.lib odbccp32.lib "C:\Users\rramos\Workspace\Assessment\vcpkg\installed\\x64-windows\debug\lib\*.lib" /MANIFEST /MANIFESTUAC:"level='asInvoker' uiAccess='false'" /manifest:embed /PDB:".\CompilerIdC.pdb" /SUBSYSTEM:CONSOLE /TLBID:1 /DYNAMICBASE /NXCOMPAT /IMPLIB:".\CompilerIdC.lib" /MACHINE:X64 Debug\CMakeCCompilerId.obj
  CompilerIdC.vcxproj -> C:\Users\rramos\Documents\craftdemoServer\build\CMakeFiles\3.22.0\CompilerIdC\.\CompilerIdC.exe
AppLocalFromInstalled:
  pwsh.exe -ExecutionPolicy Bypass -noprofile -File "C:\Users\rramos\Workspace\Assessment\vcpkg\scripts\buildsystems\msbuild\applocal.ps1" "C:\Users\rramos\Documents\craftdemoServer\build\CMakeFiles\3.22.0\CompilerIdC\.\CompilerIdC.exe" "C:\Users\rramos\Workspace\Assessment\vcpkg\installed\\x64-windows\debug\bin" "Debug\CompilerIdC.tlog\CompilerIdC.write.1u.tlog" "Debug\vcpkg.applocal.log"
  'pwsh.exe' is not recognized as an internal or external command,
  operable program or batch file.
  The command "pwsh.exe -ExecutionPolicy Bypass -noprofile -File "C:\Users\rramos\Workspace\Assessment\vcpkg\scripts\buildsystems\msbuild\applocal.ps1" "C:\Users\rramos\Documents\craftdemoServer\build\CMakeFiles\3.22.0\CompilerIdC\.\CompilerIdC.exe" "C:\Users\rramos\Workspace\Assessment\vcpkg\installed\\x64-windows\debug\bin" "Debug\CompilerIdC.tlog\CompilerIdC.write.1u.tlog" "Debug\vcpkg.applocal.log"" exited with code 9009.
  "C:\Windows\System32\WindowsPowerShell\v1.0\powershell.exe" -ExecutionPolicy Bypass -noprofile -File "C:\Users\rramos\Workspace\Assessment\vcpkg\scripts\buildsystems\msbuild\applocal.ps1" "C:\Users\rramos\Documents\craftdemoServer\build\CMakeFiles\3.22.0\CompilerIdC\.\CompilerIdC.exe" "C:\Users\rramos\Workspace\Assessment\vcpkg\installed\\x64-windows\debug\bin" "Debug\CompilerIdC.tlog\CompilerIdC.write.1u.tlog" "Debug\vcpkg.applocal.log"
PostBuildEvent:
  for %%i in (cl.exe) do @echo CMAKE_C_COMPILER=%%~$PATH:i
  :VCEnd
  CMAKE_C_COMPILER=C:\Program Files (x86)\Microsoft Visual Studio\2017\Community\VC\Tools\MSVC\14.16.27023\bin\Hostx86\x64\cl.exe
FinalizeBuildStatus:
  Deleting file "Debug\CompilerIdC.tlog\unsuccessfulbuild".
  Touching "Debug\CompilerIdC.tlog\CompilerIdC.lastbuildstate".
Done Building Project "C:\Users\rramos\Documents\craftdemoServer\build\CMakeFiles\3.22.0\CompilerIdC\CompilerIdC.vcxproj" (default targets).

Build succeeded.
    0 Warning(s)
    0 Error(s)

Time Elapsed 00:00:02.68


Compilation of the C compiler identification source "CMakeCCompilerId.c" produced "CompilerIdC.exe"

Compilation of the C compiler identification source "CMakeCCompilerId.c" produced "CompilerIdC.vcxproj"

The C compiler identification is MSVC, found in "C:/Users/rramos/Documents/craftdemoServer/build/CMakeFiles/3.22.0/CompilerIdC/CompilerIdC.exe"

Compiling the CXX compiler identification source file "CMakeCXXCompilerId.cpp" succeeded.
Compiler:  
Build flags: 
Id flags:  

The output was:
0
Microsoft (R) Build Engine version 15.9.21+g9802d43bc3 for .NET Framework
Copyright (C) Microsoft Corporation. All rights reserved.

Build started 11/23/2021 3:49:43 AM.
Project "C:\Users\rramos\Documents\craftdemoServer\build\CMakeFiles\3.22.0\CompilerIdCXX\CompilerIdCXX.vcxproj" on node 1 (default targets).
PrepareForBuild:
  Creating directory "Debug\".
  Creating directory "Debug\CompilerIdCXX.tlog\".
InitializeBuildStatus:
  Creating "Debug\CompilerIdCXX.tlog\unsuccessfulbuild" because "AlwaysCreate" was specified.
VcpkgTripletSelection:
  Using triplet "x64-windows" from "C:\Users\rramos\Workspace\Assessment\vcpkg\installed\\x64-windows\"
ClCompile:
  C:\Program Files (x86)\Microsoft Visual Studio\2017\Community\VC\Tools\MSVC\14.16.27023\bin\HostX86\x64\CL.exe /c /I"C:\Users\rramos\Workspace\Assessment\vcpkg\installed\\x64-windows\include" /nologo /W0 /WX- /diagnostics:classic /Od /D _MBCS /Gm- /EHsc /RTC1 /MDd /GS /fp:precise /Zc:wchar_t /Zc:forScope /Zc:inline /Fo"Debug\\" /Fd"Debug\vc141.pdb" /Gd /TP /FC /errorReport:queue CMakeCXXCompilerId.cpp
  CMakeCXXCompilerId.cpp
Link:
  C:\Program Files (x86)\Microsoft Visual Studio\2017\Community\VC\Tools\MSVC\14.16.27023\bin\HostX86\x64\link.exe /ERRORREPORT:QUEUE /OUT:".\CompilerIdCXX.exe" /INCREMENTAL:NO /NOLOGO /LIBPATH:"C:\Users\rramos\Workspace\Assessment\vcpkg\installed\\x64-windows\debug\lib" /LIBPATH:"C:\Users\rramos\Workspace\Assessment\vcpkg\installed\\x64-windows\debug\lib\manual-link" kernel32.lib user32.lib gdi32.lib winspool.lib comdlg32.lib advapi32.lib shell32.lib ole32.lib oleaut32.lib uuid.lib odbc32.lib odbccp32.lib "C:\Users\rramos\Workspace\Assessment\vcpkg\installed\\x64-windows\debug\lib\*.lib" /MANIFEST /MANIFESTUAC:"level='asInvoker' uiAccess='false'" /manifest:embed /PDB:".\CompilerIdCXX.pdb" /SUBSYSTEM:CONSOLE /TLBID:1 /DYNAMICBASE /NXCOMPAT /IMPLIB:".\CompilerIdCXX.lib" /MACHINE:X64 Debug\CMakeCXXCompilerId.obj
  CompilerIdCXX.vcxproj -> C:\Users\rramos\Documents\craftdemoServer\build\CMakeFiles\3.22.0\CompilerIdCXX\.\CompilerIdCXX.exe
AppLocalFromInstalled:
  pwsh.exe -ExecutionPolicy Bypass -noprofile -File "C:\Users\rramos\Workspace\Assessment\vcpkg\scripts\buildsystems\msbuild\applocal.ps1" "C:\Users\rramos\Documents\craftdemoServer\build\CMakeFiles\3.22.0\CompilerIdCXX\.\CompilerIdCXX.exe" "C:\Users\rramos\Workspace\Assessment\vcpkg\installed\\x64-windows\debug\bin" "Debug\CompilerIdCXX.tlog\CompilerIdCXX.write.1u.tlog" "Debug\vcpkg.applocal.log"
  'pwsh.exe' is not recognized as an internal or external command,
  operable program or batch file.
  The command "pwsh.exe -ExecutionPolicy Bypass -noprofile -File "C:\Users\rramos\Workspace\Assessment\vcpkg\scripts\buildsystems\msbuild\applocal.ps1" "C:\Users\rramos\Documents\craftdemoServer\build\CMakeFiles\3.22.0\CompilerIdCXX\.\CompilerIdCXX.exe" "C:\Users\rramos\Workspace\Assessment\vcpkg\installed\\x64-windows\debug\bin" "Debug\CompilerIdCXX.tlog\CompilerIdCXX.write.1u.tlog" "Debug\vcpkg.applocal.log"" exited with code 9009.
  "C:\Windows\System32\WindowsPowerShell\v1.0\powershell.exe" -ExecutionPolicy Bypass -noprofile -File "C:\Users\rramos\Workspace\Assessment\vcpkg\scripts\buildsystems\msbuild\applocal.ps1" "C:\Users\rramos\Documents\craftdemoServer\build\CMakeFiles\3.22.0\CompilerIdCXX\.\CompilerIdCXX.exe" "C:\Users\rramos\Workspace\Assessment\vcpkg\installed\\x64-windows\debug\bin" "Debug\CompilerIdCXX.tlog\CompilerIdCXX.write.1u.tlog" "Debug\vcpkg.applocal.log"
PostBuildEvent:
  for %%i in (cl.exe) do @echo CMAKE_CXX_COMPILER=%%~$PATH:i
  :VCEnd
  CMAKE_CXX_COMPILER=C:\Program Files (x86)\Microsoft Visual Studio\2017\Community\VC\Tools\MSVC\14.16.27023\bin\Hostx86\x64\cl.exe
FinalizeBuildStatus:
  Deleting file "Debug\CompilerIdCXX.tlog\unsuccessfulbuild".
  Touching "Debug\CompilerIdCXX.tlog\CompilerIdCXX.lastbuildstate".
Done Building Project "C:\Users\rramos\Documents\craftdemoServer\build\CMakeFiles\3.22.0\CompilerIdCXX\CompilerIdCXX.vcxproj" (default targets).

Build succeeded.
    0 Warning(s)
    0 Error(s)

Time Elapsed 00:00:01.05


Compilation of the CXX compiler identification source "CMakeCXXCompilerId.cpp" produced "CompilerIdCXX.exe"

Compilation of the CXX compiler identification source "CMakeCXXCompilerId.cpp" produced "CompilerIdCXX.vcxproj"

The CXX compiler identification is MSVC, found in "C:/Users/rramos/Documents/craftdemoServer/build/CMakeFiles/3.22.0/CompilerIdCXX/CompilerIdCXX.exe"

Detecting C compiler ABI info compiled with the following output:
Change Dir: C:/Users/rramos/Documents/craftdemoServer/build/CMakeFiles/CMakeTmp

Run Build Command(s):C:/Program Files (x86)/Microsoft Visual Studio/2017/Community/MSBuild/15.0/Bin/MSBuild.exe cmTC_bf64b.vcxproj /p:Configuration=Debug /p:Platform=x64 /p:VisualStudioVersion=15.0 /v:m && Microsoft (R) Build Engine version 15.9.21+g9802d43bc3 for .NET Framework
Copyright (C) Microsoft Corporation. All rights reserved.

  Microsoft (R) C/C++ Optimizing Compiler Version 19.16.27045 for x64
  Copyright (C) Microsoft Corporation.  All rights reserved.
  
  cl /c /Zi /W3 /WX- /diagnostics:classic /Od /Ob0 /D _MBCS /D WIN32 /D _WINDOWS /D "CMAKE_INTDIR=\"Debug\"" /Gm- /RTC1 /MDd /GS /fp:precise /Zc:wchar_t /Zc:forScope /Zc:inline /Fo"cmTC_bf64b.dir\Debug\\" /Fd"cmTC_bf64b.dir\Debug\vc141.pdb" /Gd /TC /errorReport:queue "C:\Program Files\CMake\share\cmake-3.22\Modules\CMakeCCompilerABI.c"
  CMakeCCompilerABI.c
  
  cmTC_bf64b.vcxproj -> C:\Users\rramos\Documents\craftdemoServer\build\CMakeFiles\CMakeTmp\Debug\cmTC_bf64b.exe



Detecting CXX compiler ABI info compiled with the following output:
Change Dir: C:/Users/rramos/Documents/craftdemoServer/build/CMakeFiles/CMakeTmp

Run Build Command(s):C:/Program Files (x86)/Microsoft Visual Studio/2017/Community/MSBuild/15.0/Bin/MSBuild.exe cmTC_9f712.vcxproj /p:Configuration=Debug /p:Platform=x64 /p:VisualStudioVersion=15.0 /v:m && Microsoft (R) Build Engine version 15.9.21+g9802d43bc3 for .NET Framework
Copyright (C) Microsoft Corporation. All rights reserved.

  Microsoft (R) C/C++ Optimizing Compiler Version 19.16.27045 for x64
  Copyright (C) Microsoft Corporation.  All rights reserved.
  
  cl /c /Zi /W3 /WX- /diagnostics:classic /Od /Ob0 /D _MBCS /D WIN32 /D _WINDOWS /D "CMAKE_INTDIR=\"Debug\"" /Gm- /EHsc /RTC1 /MDd /GS /fp:precise /Zc:wchar_t /Zc:forScope /Zc:inline /GR /Fo"cmTC_9f712.dir\Debug\\" /Fd"cmTC_9f712.dir\Debug\vc141.pdb" /Gd /TP /errorReport:queue "C:\Program Files\CMake\share\cmake-3.22\Modules\CMakeCXXCompilerABI.cpp"
  CMakeCXXCompilerABI.cpp
  
  cmTC_9f712.vcxproj -> C:\Users\rramos\Documents\craftdemoServer\build\CMakeFiles\CMakeTmp\Debug\cmTC_9f712.exe



